# JRE version: OpenJDK Runtime Environment Temurin-21.0.10+7 (21.0.10+7) (build 21.0.10+7-LTS)
# Java VM: OpenJDK 64-Bit Server VM Temurin-21.0.10+7 (21.0.10+7-LTS, mixed mode, sharing, tiered, compressed oops, compressed class ptrs, parallel gc, windows-amd64)
GC Precious Log:
 CardTable entry size: 512
 CPUs: 8 total, 8 available
 Memory: 16183M
 Large Page Support: Disabled
 NUMA Support: Disabled
 Compressed Oops: Enabled (32-bit)
 Alignments: Space 512K, Generation 512K, Heap 2M
 Heap Min Capacity: 100M
 Heap Initial Capacity: 100M
 Heap Max Capacity: 2G
 Pre-touch: Disabled
 Parallel Workers: 8
Heap:
 PSYoungGen      total 5632K, used 1977K [0x00000000d5580000, 0x00000000d5d00000, 0x0000000100000000)
  eden space 4096K, 17% used [0x00000000d5580000,0x00000000d56363b8,0x00000000d5980000)
  from space 1536K, 81% used [0x00000000d5b80000,0x00000000d5cb8070,0x00000000d5d00000)
  to   space 1536K, 0% used [0x00000000d5a00000,0x00000000d5a00000,0x00000000d5b80000)
 ParOldGen       total 361984K, used 361720K [0x0000000080000000, 0x0000000096180000, 0x00000000d5580000)
  object space 361984K, 99% used [0x0000000080000000,0x000000009613e0e0,0x0000000096180000)
 Metaspace       used 90703K, committed 92288K, reserved 1179648K
  class space    used 8707K, committed 9472K, reserved 1048576K
GC Heap History (20 events):
Event: 8722.757 GC heap before
{Heap before GC invocations=18459 (full 21):
 PSYoungGen      total 6656K, used 6448K [0x00000000d5580000, 0x00000000d5e00000, 0x0000000100000000)
  eden space 5632K, 100% used [0x00000000d5580000,0x00000000d5b00000,0x00000000d5b00000)
  from space 1024K, 79% used [0x00000000d5d00000,0x00000000d5dcc010,0x00000000d5e00000)
  to   space 1024K, 0% used [0x00000000d5c00000,0x00000000d5c00000,0x00000000d5d00000)
 ParOldGen       total 353280K, used 353257K [0x0000000080000000, 0x0000000095900000, 0x00000000d5580000)
  object space 353280K, 99% used [0x0000000080000000,0x00000000958fa410,0x0000000095900000)
 Metaspace       used 90700K, committed 92288K, reserved 1179648K
  class space    used 8707K, committed 9472K, reserved 1048576K
}
Event: 8722.760 GC heap after
{Heap after GC invocations=18459 (full 21):
 PSYoungGen      total 6656K, used 896K [0x00000000d5580000, 0x00000000d5d80000, 0x0000000100000000)
  eden space 5632K, 0% used [0x00000000d5580000,0x00000000d5580000,0x00000000d5b00000)
  from space 1024K, 87% used [0x00000000d5c00000,0x00000000d5ce0000,0x00000000d5d00000)
  to   space 512K, 0% used [0x00000000d5d00000,0x00000000d5d00000,0x00000000d5d80000)
 ParOldGen       total 354304K, used 353960K [0x0000000080000000, 0x0000000095a00000, 0x00000000d5580000)
  object space 354304K, 99% used [0x0000000080000000,0x00000000959aa2e8,0x0000000095a00000)
 Metaspace       used 90700K, committed 92288K, reserved 1179648K
  class space    used 8707K, committed 9472K, reserved 1048576K
}
Event: 8722.779 GC heap before
{Heap before GC invocations=18460 (full 21):
 PSYoungGen      total 6656K, used 6528K [0x00000000d5580000, 0x00000000d5d80000, 0x0000000100000000)
  eden space 5632K, 100% used [0x00000000d5580000,0x00000000d5b00000,0x00000000d5b00000)
  from space 1024K, 87% used [0x00000000d5c00000,0x00000000d5ce0000,0x00000000d5d00000)
  to   space 512K, 0% used [0x00000000d5d00000,0x00000000d5d00000,0x00000000d5d80000)
 ParOldGen       total 354304K, used 353960K [0x0000000080000000, 0x0000000095a00000, 0x00000000d5580000)
  object space 354304K, 99% used [0x0000000080000000,0x00000000959aa2e8,0x0000000095a00000)
 Metaspace       used 90700K, committed 92288K, reserved 1179648K
  class space    used 8707K, committed 9472K, reserved 1048576K
}
Event: 8722.783 GC heap after
{Heap after GC invocations=18460 (full 21):
 PSYoungGen      total 6144K, used 506K [0x00000000d5580000, 0x00000000d5f00000, 0x0000000100000000)
  eden space 5632K, 0% used [0x00000000d5580000,0x00000000d5580000,0x00000000d5b00000)
  from space 512K, 98% used [0x00000000d5d00000,0x00000000d5d7e900,0x00000000d5d80000)
  to   space 2048K, 0% used [0x00000000d5b00000,0x00000000d5b00000,0x00000000d5d00000)
 ParOldGen       total 355328K, used 355273K [0x0000000080000000, 0x0000000095b00000, 0x00000000d5580000)
  object space 355328K, 99% used [0x0000000080000000,0x0000000095af2440,0x0000000095b00000)
 Metaspace       used 90700K, committed 92288K, reserved 1179648K
  class space    used 8707K, committed 9472K, reserved 1048576K
}
Event: 8722.794 GC heap before
{Heap before GC invocations=18461 (full 21):
 PSYoungGen      total 6144K, used 6138K [0x00000000d5580000, 0x00000000d5f00000, 0x0000000100000000)
  eden space 5632K, 100% used [0x00000000d5580000,0x00000000d5b00000,0x00000000d5b00000)
  from space 512K, 98% used [0x00000000d5d00000,0x00000000d5d7e900,0x00000000d5d80000)
  to   space 2048K, 0% used [0x00000000d5b00000,0x00000000d5b00000,0x00000000d5d00000)
 ParOldGen       total 355328K, used 355273K [0x0000000080000000, 0x0000000095b00000, 0x00000000d5580000)
  object space 355328K, 99% used [0x0000000080000000,0x0000000095af2440,0x0000000095b00000)
 Metaspace       used 90700K, committed 92288K, reserved 1179648K
  class space    used 8707K, committed 9472K, reserved 1048576K
}
Event: 8722.798 GC heap after
{Heap after GC invocations=18461 (full 21):
 PSYoungGen      total 6656K, used 800K [0x00000000d5580000, 0x00000000d5e00000, 0x0000000100000000)
  eden space 5632K, 0% used [0x00000000d5580000,0x00000000d5580000,0x00000000d5b00000)
  from space 1024K, 78% used [0x00000000d5b00000,0x00000000d5bc8000,0x00000000d5c00000)
  to   space 1536K, 0% used [0x00000000d5c80000,0x00000000d5c80000,0x00000000d5e00000)
 ParOldGen       total 355840K, used 355815K [0x0000000080000000, 0x0000000095b80000, 0x00000000d5580000)
  object space 355840K, 99% used [0x0000000080000000,0x0000000095b79fd0,0x0000000095b80000)
 Metaspace       used 90700K, committed 92288K, reserved 1179648K
  class space    used 8707K, committed 9472K, reserved 1048576K
}
Event: 8722.814 GC heap before
{Heap before GC invocations=18462 (full 21):
 PSYoungGen      total 6656K, used 6432K [0x00000000d5580000, 0x00000000d5e00000, 0x0000000100000000)
  eden space 5632K, 100% used [0x00000000d5580000,0x00000000d5b00000,0x00000000d5b00000)
  from space 1024K, 78% used [0x00000000d5b00000,0x00000000d5bc8000,0x00000000d5c00000)
  to   space 1536K, 0% used [0x00000000d5c80000,0x00000000d5c80000,0x00000000d5e00000)
 ParOldGen       total 355840K, used 355815K [0x0000000080000000, 0x0000000095b80000, 0x00000000d5580000)
  object space 355840K, 99% used [0x0000000080000000,0x0000000095b79fd0,0x0000000095b80000)
 Metaspace       used 90700K, committed 92288K, reserved 1179648K
  class space    used 8707K, committed 9472K, reserved 1048576K
}
Event: 8722.816 GC heap after
{Heap after GC invocations=18462 (full 21):
 PSYoungGen      total 6656K, used 960K [0x00000000d5580000, 0x00000000d5d80000, 0x0000000100000000)
  eden space 5632K, 0% used [0x00000000d5580000,0x00000000d5580000,0x00000000d5b00000)
  from space 1024K, 93% used [0x00000000d5c80000,0x00000000d5d70000,0x00000000d5d80000)
  to   space 1024K, 0% used [0x00000000d5b00000,0x00000000d5b00000,0x00000000d5c00000)
 ParOldGen       total 356864K, used 356503K [0x0000000080000000, 0x0000000095c80000, 0x00000000d5580000)
  object space 356864K, 99% used [0x0000000080000000,0x0000000095c25fd0,0x0000000095c80000)
 Metaspace       used 90700K, committed 92288K, reserved 1179648K
  class space    used 8707K, committed 9472K, reserved 1048576K
}
Event: 8731.129 GC heap before
{Heap before GC invocations=18463 (full 21):
 PSYoungGen      total 6656K, used 6591K [0x00000000d5580000, 0x00000000d5d80000, 0x0000000100000000)
  eden space 5632K, 99% used [0x00000000d5580000,0x00000000d5affff8,0x00000000d5b00000)
  from space 1024K, 93% used [0x00000000d5c80000,0x00000000d5d70000,0x00000000d5d80000)
  to   space 1024K, 0% used [0x00000000d5b00000,0x00000000d5b00000,0x00000000d5c00000)
 ParOldGen       total 356864K, used 356503K [0x0000000080000000, 0x0000000095c80000, 0x00000000d5580000)
  object space 356864K, 99% used [0x0000000080000000,0x0000000095c25fd0,0x0000000095c80000)
 Metaspace       used 90700K, committed 92288K, reserved 1179648K
  class space    used 8707K, committed 9472K, reserved 1048576K
}
Event: 8731.133 GC heap after
{Heap after GC invocations=18463 (full 21):
 PSYoungGen      total 6656K, used 1024K [0x00000000d5580000, 0x00000000d5e00000, 0x0000000100000000)
  eden space 5632K, 0% used [0x00000000d5580000,0x00000000d5580000,0x00000000d5b00000)
  from space 1024K, 100% used [0x00000000d5b00000,0x00000000d5c00000,0x00000000d5c00000)
  to   space 1536K, 0% used [0x00000000d5c80000,0x00000000d5c80000,0x00000000d5e00000)
 ParOldGen       total 357376K, used 357272K [0x0000000080000000, 0x0000000095d00000, 0x00000000d5580000)
  object space 357376K, 99% used [0x0000000080000000,0x0000000095ce6000,0x0000000095d00000)
 Metaspace       used 90700K, committed 92288K, reserved 1179648K
  class space    used 8707K, committed 9472K, reserved 1048576K
}
Event: 8751.487 GC heap before
{Heap before GC invocations=18464 (full 21):
 PSYoungGen      total 6656K, used 6656K [0x00000000d5580000, 0x00000000d5e00000, 0x0000000100000000)
  eden space 5632K, 100% used [0x00000000d5580000,0x00000000d5b00000,0x00000000d5b00000)
  from space 1024K, 100% used [0x00000000d5b00000,0x00000000d5c00000,0x00000000d5c00000)
  to   space 1536K, 0% used [0x00000000d5c80000,0x00000000d5c80000,0x00000000d5e00000)
 ParOldGen       total 357376K, used 357272K [0x0000000080000000, 0x0000000095d00000, 0x00000000d5580000)
  object space 357376K, 99% used [0x0000000080000000,0x0000000095ce6000,0x0000000095d00000)
 Metaspace       used 90700K, committed 92288K, reserved 1179648K
  class space    used 8707K, committed 9472K, reserved 1048576K
}
Event: 8751.489 GC heap after
{Heap after GC invocations=18464 (full 21):
 PSYoungGen      total 6656K, used 570K [0x00000000d5580000, 0x00000000d5d80000, 0x0000000100000000)
  eden space 5632K, 0% used [0x00000000d5580000,0x00000000d5580000,0x00000000d5b00000)
  from space 1024K, 55% used [0x00000000d5c80000,0x00000000d5d0e900,0x00000000d5d80000)
  to   space 1024K, 0% used [0x00000000d5b00000,0x00000000d5b00000,0x00000000d5c00000)
 ParOldGen       total 358400K, used 358037K [0x0000000080000000, 0x0000000095e00000, 0x00000000d5580000)
  object space 358400K, 99% used [0x0000000080000000,0x0000000095da5780,0x0000000095e00000)
 Metaspace       used 90700K, committed 92288K, reserved 1179648K
  class space    used 8707K, committed 9472K, reserved 1048576K
}
Event: 8751.505 GC heap before
{Heap before GC invocations=18465 (full 21):
 PSYoungGen      total 6656K, used 6202K [0x00000000d5580000, 0x00000000d5d80000, 0x0000000100000000)
  eden space 5632K, 100% used [0x00000000d5580000,0x00000000d5b00000,0x00000000d5b00000)
  from space 1024K, 55% used [0x00000000d5c80000,0x00000000d5d0e900,0x00000000d5d80000)
  to   space 1024K, 0% used [0x00000000d5b00000,0x00000000d5b00000,0x00000000d5c00000)
 ParOldGen       total 358400K, used 358037K [0x0000000080000000, 0x0000000095e00000, 0x00000000d5580000)
  object space 358400K, 99% used [0x0000000080000000,0x0000000095da5780,0x0000000095e00000)
 Metaspace       used 90700K, committed 92288K, reserved 1179648K
  class space    used 8707K, committed 9472K, reserved 1048576K
}
Event: 8751.507 GC heap after
{Heap after GC invocations=18465 (full 21):
 PSYoungGen      total 6656K, used 973K [0x00000000d5580000, 0x00000000d5e00000, 0x0000000100000000)
  eden space 5632K, 0% used [0x00000000d5580000,0x00000000d5580000,0x00000000d5b00000)
  from space 1024K, 95% used [0x00000000d5b00000,0x00000000d5bf3780,0x00000000d5c00000)
  to   space 1536K, 0% used [0x00000000d5c80000,0x00000000d5c80000,0x00000000d5e00000)
 ParOldGen       total 358912K, used 358517K [0x0000000080000000, 0x0000000095e80000, 0x00000000d5580000)
  object space 358912K, 99% used [0x0000000080000000,0x0000000095e1d4e8,0x0000000095e80000)
 Metaspace       used 90700K, committed 92288K, reserved 1179648K
  class space    used 8707K, committed 9472K, reserved 1048576K
}
Event: 8751.526 GC heap before
{Heap before GC invocations=18466 (full 21):
 PSYoungGen      total 6656K, used 6605K [0x00000000d5580000, 0x00000000d5e00000, 0x0000000100000000)
  eden space 5632K, 100% used [0x00000000d5580000,0x00000000d5b00000,0x00000000d5b00000)
  from space 1024K, 95% used [0x00000000d5b00000,0x00000000d5bf3780,0x00000000d5c00000)
  to   space 1536K, 0% used [0x00000000d5c80000,0x00000000d5c80000,0x00000000d5e00000)
 ParOldGen       total 358912K, used 358517K [0x0000000080000000, 0x0000000095e80000, 0x00000000d5580000)
  object space 358912K, 99% used [0x0000000080000000,0x0000000095e1d4e8,0x0000000095e80000)
 Metaspace       used 90700K, committed 92288K, reserved 1179648K
  class space    used 8707K, committed 9472K, reserved 1048576K
}
Event: 8751.529 GC heap after
{Heap after GC invocations=18466 (full 21):
 PSYoungGen      total 5632K, used 1522K [0x00000000d5580000, 0x00000000d6100000, 0x0000000100000000)
  eden space 4096K, 0% used [0x00000000d5580000,0x00000000d5580000,0x00000000d5980000)
  from space 1536K, 99% used [0x00000000d5c80000,0x00000000d5dfc8c8,0x00000000d5e00000)
  to   space 3072K, 0% used [0x00000000d5980000,0x00000000d5980000,0x00000000d5c80000)
 ParOldGen       total 359424K, used 359421K [0x0000000080000000, 0x0000000095f00000, 0x00000000d5580000)
  object space 359424K, 99% used [0x0000000080000000,0x0000000095eff5b8,0x0000000095f00000)
 Metaspace       used 90700K, committed 92288K, reserved 1179648K
  class space    used 8707K, committed 9472K, reserved 1048576K
}
Event: 8751.545 GC heap before
{Heap before GC invocations=18467 (full 21):
 PSYoungGen      total 5632K, used 5618K [0x00000000d5580000, 0x00000000d6100000, 0x0000000100000000)
  eden space 4096K, 100% used [0x00000000d5580000,0x00000000d5980000,0x00000000d5980000)
  from space 1536K, 99% used [0x00000000d5c80000,0x00000000d5dfc8c8,0x00000000d5e00000)
  to   space 3072K, 0% used [0x00000000d5980000,0x00000000d5980000,0x00000000d5c80000)
 ParOldGen       total 359424K, used 359421K [0x0000000080000000, 0x0000000095f00000, 0x00000000d5580000)
  object space 359424K, 99% used [0x0000000080000000,0x0000000095eff5b8,0x0000000095f00000)
 Metaspace       used 90700K, committed 92288K, reserved 1179648K
  class space    used 8707K, committed 9472K, reserved 1048576K
}
Event: 8751.548 GC heap after
{Heap after GC invocations=18467 (full 21):
 PSYoungGen      total 5120K, used 912K [0x00000000d5580000, 0x00000000d5d00000, 0x0000000100000000)
  eden space 4096K, 0% used [0x00000000d5580000,0x00000000d5580000,0x00000000d5980000)
  from space 1024K, 89% used [0x00000000d5980000,0x00000000d5a64010,0x00000000d5a80000)
  to   space 1536K, 0% used [0x00000000d5b80000,0x00000000d5b80000,0x00000000d5d00000)
 ParOldGen       total 360960K, used 360923K [0x0000000080000000, 0x0000000096080000, 0x00000000d5580000)
  object space 360960K, 99% used [0x0000000080000000,0x0000000096076cc0,0x0000000096080000)
 Metaspace       used 90700K, committed 92288K, reserved 1179648K
  class space    used 8707K, committed 9472K, reserved 1048576K
}
Event: 9002.086 GC heap before
{Heap before GC invocations=18468 (full 21):
 PSYoungGen      total 5120K, used 5008K [0x00000000d5580000, 0x00000000d5d00000, 0x0000000100000000)
  eden space 4096K, 100% used [0x00000000d5580000,0x00000000d5980000,0x00000000d5980000)
  from space 1024K, 89% used [0x00000000d5980000,0x00000000d5a64010,0x00000000d5a80000)
  to   space 1536K, 0% used [0x00000000d5b80000,0x00000000d5b80000,0x00000000d5d00000)
 ParOldGen       total 360960K, used 360923K [0x0000000080000000, 0x0000000096080000, 0x00000000d5580000)
  object space 360960K, 99% used [0x0000000080000000,0x0000000096076cc0,0x0000000096080000)
 Metaspace       used 90701K, committed 92288K, reserved 1179648K
  class space    used 8707K, committed 9472K, reserved 1048576K
}
Event: 9002.137 GC heap after
{Heap after GC invocations=18468 (full 21):
 PSYoungGen      total 5632K, used 1248K [0x00000000d5580000, 0x00000000d5d00000, 0x0000000100000000)
  eden space 4096K, 0% used [0x00000000d5580000,0x00000000d5580000,0x00000000d5980000)
  from space 1536K, 81% used [0x00000000d5b80000,0x00000000d5cb8070,0x00000000d5d00000)
  to   space 1536K, 0% used [0x00000000d5a00000,0x00000000d5a00000,0x00000000d5b80000)
 ParOldGen       total 361984K, used 361720K [0x0000000080000000, 0x0000000096180000, 0x00000000d5580000)
  object space 361984K, 99% used [0x0000000080000000,0x000000009613e0e0,0x0000000096180000)
 Metaspace       used 90701K, committed 92288K, reserved 1179648K
  class space    used 8707K, committed 9472K, reserved 1048576K
}

