# JRE version: OpenJDK Runtime Environment Temurin-21.0.10+7 (21.0.10+7) (build 21.0.10+7-LTS)
# Java VM: OpenJDK 64-Bit Server VM Temurin-21.0.10+7 (21.0.10+7-LTS, mixed mode, sharing, tiered, compressed oops, compressed class ptrs, parallel gc, windows-amd64)
GC Precious Log:
 CardTable entry size: 512
 CPUs: 8 total, 8 available
 Memory: 16183M
 Large Page Support: Disabled
 NUMA Support: Disabled
 Compressed Oops: Enabled (32-bit)
 Alignments: Space 512K, Generation 512K, Heap 2M
 Heap Min Capacity: 100M
 Heap Initial Capacity: 100M
 Heap Max Capacity: 2G
 Pre-touch: Disabled
 Parallel Workers: 8
Heap:
 PSYoungGen      total 15360K, used 2042K [0x00000000d5580000, 0x00000000d6700000, 0x0000000100000000)
  eden space 13312K, 0% used [0x00000000d5580000,0x00000000d5580000,0x00000000d6280000)
  from space 2048K, 99% used [0x00000000d6300000,0x00000000d64feaf0,0x00000000d6500000)
  to   space 1536K, 0% used [0x00000000d6580000,0x00000000d6580000,0x00000000d6700000)
 ParOldGen       total 889344K, used 888972K [0x0000000080000000, 0x00000000b6480000, 0x00000000d5580000)
  object space 889344K, 99% used [0x0000000080000000,0x00000000b64232f8,0x00000000b6480000)
 Metaspace       used 84186K, committed 85888K, reserved 1179648K
  class space    used 9950K, committed 10688K, reserved 1048576K
GC Heap History (20 events):
Event: 205.265 GC heap after
{Heap after GC invocations=1236 (full 3):
 PSYoungGen      total 16384K, used 3554K [0x00000000d5580000, 0x00000000d7500000, 0x0000000100000000)
  eden space 12800K, 0% used [0x00000000d5580000,0x00000000d5580000,0x00000000d6200000)
  from space 3584K, 99% used [0x00000000d6400000,0x00000000d6778a20,0x00000000d6780000)
  to   space 9728K, 0% used [0x00000000d6b80000,0x00000000d6b80000,0x00000000d7500000)
 ParOldGen       total 870912K, used 870695K [0x0000000080000000, 0x00000000b5280000, 0x00000000d5580000)
  object space 870912K, 99% used [0x0000000080000000,0x00000000b5249e68,0x00000000b5280000)
 Metaspace       used 83937K, committed 85568K, reserved 1179648K
  class space    used 9947K, committed 10624K, reserved 1048576K
}
Event: 205.421 GC heap before
{Heap before GC invocations=1237 (full 3):
 PSYoungGen      total 16384K, used 16354K [0x00000000d5580000, 0x00000000d7500000, 0x0000000100000000)
  eden space 12800K, 100% used [0x00000000d5580000,0x00000000d6200000,0x00000000d6200000)
  from space 3584K, 99% used [0x00000000d6400000,0x00000000d6778a20,0x00000000d6780000)
  to   space 9728K, 0% used [0x00000000d6b80000,0x00000000d6b80000,0x00000000d7500000)
 ParOldGen       total 870912K, used 870695K [0x0000000080000000, 0x00000000b5280000, 0x00000000d5580000)
  object space 870912K, 99% used [0x0000000080000000,0x00000000b5249e68,0x00000000b5280000)
 Metaspace       used 83989K, committed 85696K, reserved 1179648K
  class space    used 9949K, committed 10688K, reserved 1048576K
}
Event: 205.431 GC heap after
{Heap after GC invocations=1237 (full 3):
 PSYoungGen      total 15360K, used 2248K [0x00000000d5580000, 0x00000000d6e00000, 0x0000000100000000)
  eden space 12800K, 0% used [0x00000000d5580000,0x00000000d5580000,0x00000000d6200000)
  from space 2560K, 87% used [0x00000000d6b80000,0x00000000d6db20f8,0x00000000d6e00000)
  to   space 4608K, 0% used [0x00000000d6500000,0x00000000d6500000,0x00000000d6980000)
 ParOldGen       total 874496K, used 874162K [0x0000000080000000, 0x00000000b5600000, 0x00000000d5580000)
  object space 874496K, 99% used [0x0000000080000000,0x00000000b55acb90,0x00000000b5600000)
 Metaspace       used 83989K, committed 85696K, reserved 1179648K
  class space    used 9949K, committed 10688K, reserved 1048576K
}
Event: 205.487 GC heap before
{Heap before GC invocations=1238 (full 3):
 PSYoungGen      total 15360K, used 15048K [0x00000000d5580000, 0x00000000d6e00000, 0x0000000100000000)
  eden space 12800K, 100% used [0x00000000d5580000,0x00000000d6200000,0x00000000d6200000)
  from space 2560K, 87% used [0x00000000d6b80000,0x00000000d6db20f8,0x00000000d6e00000)
  to   space 4608K, 0% used [0x00000000d6500000,0x00000000d6500000,0x00000000d6980000)
 ParOldGen       total 874496K, used 874162K [0x0000000080000000, 0x00000000b5600000, 0x00000000d5580000)
  object space 874496K, 99% used [0x0000000080000000,0x00000000b55acb90,0x00000000b5600000)
 Metaspace       used 83989K, committed 85696K, reserved 1179648K
  class space    used 9949K, committed 10688K, reserved 1048576K
}
Event: 205.492 GC heap after
{Heap after GC invocations=1238 (full 3):
 PSYoungGen      total 15872K, used 2870K [0x00000000d5580000, 0x00000000d6c00000, 0x0000000100000000)
  eden space 12800K, 0% used [0x00000000d5580000,0x00000000d5580000,0x00000000d6200000)
  from space 3072K, 93% used [0x00000000d6500000,0x00000000d67cd858,0x00000000d6800000)
  to   space 3072K, 0% used [0x00000000d6900000,0x00000000d6900000,0x00000000d6c00000)
 ParOldGen       total 876544K, used 876268K [0x0000000080000000, 0x00000000b5800000, 0x00000000d5580000)
  object space 876544K, 99% used [0x0000000080000000,0x00000000b57bb3d0,0x00000000b5800000)
 Metaspace       used 83989K, committed 85696K, reserved 1179648K
  class space    used 9949K, committed 10688K, reserved 1048576K
}
Event: 205.573 GC heap before
{Heap before GC invocations=1239 (full 3):
 PSYoungGen      total 15872K, used 15670K [0x00000000d5580000, 0x00000000d6c00000, 0x0000000100000000)
  eden space 12800K, 100% used [0x00000000d5580000,0x00000000d6200000,0x00000000d6200000)
  from space 3072K, 93% used [0x00000000d6500000,0x00000000d67cd858,0x00000000d6800000)
  to   space 3072K, 0% used [0x00000000d6900000,0x00000000d6900000,0x00000000d6c00000)
 ParOldGen       total 876544K, used 876268K [0x0000000080000000, 0x00000000b5800000, 0x00000000d5580000)
  object space 876544K, 99% used [0x0000000080000000,0x00000000b57bb3d0,0x00000000b5800000)
 Metaspace       used 84005K, committed 85696K, reserved 1179648K
  class space    used 9949K, committed 10688K, reserved 1048576K
}
Event: 205.579 GC heap after
{Heap after GC invocations=1239 (full 3):
 PSYoungGen      total 14848K, used 1677K [0x00000000d5580000, 0x00000000d6b00000, 0x0000000100000000)
  eden space 12800K, 0% used [0x00000000d5580000,0x00000000d5580000,0x00000000d6200000)
  from space 2048K, 81% used [0x00000000d6900000,0x00000000d6aa3748,0x00000000d6b00000)
  to   space 2560K, 0% used [0x00000000d6600000,0x00000000d6600000,0x00000000d6880000)
 ParOldGen       total 879104K, used 878871K [0x0000000080000000, 0x00000000b5a80000, 0x00000000d5580000)
  object space 879104K, 99% used [0x0000000080000000,0x00000000b5a45f58,0x00000000b5a80000)
 Metaspace       used 84005K, committed 85696K, reserved 1179648K
  class space    used 9949K, committed 10688K, reserved 1048576K
}
Event: 205.647 GC heap before
{Heap before GC invocations=1240 (full 3):
 PSYoungGen      total 14848K, used 14477K [0x00000000d5580000, 0x00000000d6b00000, 0x0000000100000000)
  eden space 12800K, 100% used [0x00000000d5580000,0x00000000d6200000,0x00000000d6200000)
  from space 2048K, 81% used [0x00000000d6900000,0x00000000d6aa3748,0x00000000d6b00000)
  to   space 2560K, 0% used [0x00000000d6600000,0x00000000d6600000,0x00000000d6880000)
 ParOldGen       total 879104K, used 878871K [0x0000000080000000, 0x00000000b5a80000, 0x00000000d5580000)
  object space 879104K, 99% used [0x0000000080000000,0x00000000b5a45f58,0x00000000b5a80000)
 Metaspace       used 84065K, committed 85760K, reserved 1179648K
  class space    used 9949K, committed 10688K, reserved 1048576K
}
Event: 205.652 GC heap after
{Heap after GC invocations=1240 (full 3):
 PSYoungGen      total 14848K, used 1581K [0x00000000d5580000, 0x00000000d6980000, 0x0000000100000000)
  eden space 12800K, 0% used [0x00000000d5580000,0x00000000d5580000,0x00000000d6200000)
  from space 2048K, 77% used [0x00000000d6600000,0x00000000d678b700,0x00000000d6800000)
  to   space 1536K, 0% used [0x00000000d6800000,0x00000000d6800000,0x00000000d6980000)
 ParOldGen       total 880640K, used 880379K [0x0000000080000000, 0x00000000b5c00000, 0x00000000d5580000)
  object space 880640K, 99% used [0x0000000080000000,0x00000000b5bbedc8,0x00000000b5c00000)
 Metaspace       used 84065K, committed 85760K, reserved 1179648K
  class space    used 9949K, committed 10688K, reserved 1048576K
}
Event: 205.727 GC heap before
{Heap before GC invocations=1241 (full 3):
 PSYoungGen      total 14848K, used 14381K [0x00000000d5580000, 0x00000000d6980000, 0x0000000100000000)
  eden space 12800K, 100% used [0x00000000d5580000,0x00000000d6200000,0x00000000d6200000)
  from space 2048K, 77% used [0x00000000d6600000,0x00000000d678b700,0x00000000d6800000)
  to   space 1536K, 0% used [0x00000000d6800000,0x00000000d6800000,0x00000000d6980000)
 ParOldGen       total 880640K, used 880379K [0x0000000080000000, 0x00000000b5c00000, 0x00000000d5580000)
  object space 880640K, 99% used [0x0000000080000000,0x00000000b5bbedc8,0x00000000b5c00000)
 Metaspace       used 84095K, committed 85760K, reserved 1179648K
  class space    used 9950K, committed 10688K, reserved 1048576K
}
Event: 205.736 GC heap after
{Heap after GC invocations=1241 (full 3):
 PSYoungGen      total 14336K, used 1532K [0x00000000d5580000, 0x00000000d6980000, 0x0000000100000000)
  eden space 12800K, 0% used [0x00000000d5580000,0x00000000d5580000,0x00000000d6200000)
  from space 1536K, 99% used [0x00000000d6800000,0x00000000d697f218,0x00000000d6980000)
  to   space 3584K, 0% used [0x00000000d6280000,0x00000000d6280000,0x00000000d6600000)
 ParOldGen       total 882176K, used 882076K [0x0000000080000000, 0x00000000b5d80000, 0x00000000d5580000)
  object space 882176K, 99% used [0x0000000080000000,0x00000000b5d67240,0x00000000b5d80000)
 Metaspace       used 84095K, committed 85760K, reserved 1179648K
  class space    used 9950K, committed 10688K, reserved 1048576K
}
Event: 205.863 GC heap before
{Heap before GC invocations=1242 (full 3):
 PSYoungGen      total 14336K, used 14332K [0x00000000d5580000, 0x00000000d6980000, 0x0000000100000000)
  eden space 12800K, 100% used [0x00000000d5580000,0x00000000d6200000,0x00000000d6200000)
  from space 1536K, 99% used [0x00000000d6800000,0x00000000d697f218,0x00000000d6980000)
  to   space 3584K, 0% used [0x00000000d6280000,0x00000000d6280000,0x00000000d6600000)
 ParOldGen       total 882176K, used 882076K [0x0000000080000000, 0x00000000b5d80000, 0x00000000d5580000)
  object space 882176K, 99% used [0x0000000080000000,0x00000000b5d67240,0x00000000b5d80000)
 Metaspace       used 84120K, committed 85824K, reserved 1179648K
  class space    used 9950K, committed 10688K, reserved 1048576K
}
Event: 207.791 GC heap after
{Heap after GC invocations=1242 (full 3):
 PSYoungGen      total 16896K, used 1794K [0x00000000d5580000, 0x00000000d6980000, 0x0000000100000000)
  eden space 13312K, 0% used [0x00000000d5580000,0x00000000d5580000,0x00000000d6280000)
  from space 3584K, 50% used [0x00000000d6280000,0x00000000d6440a38,0x00000000d6600000)
  to   space 2560K, 0% used [0x00000000d6700000,0x00000000d6700000,0x00000000d6980000)
 ParOldGen       total 883712K, used 883532K [0x0000000080000000, 0x00000000b5f00000, 0x00000000d5580000)
  object space 883712K, 99% used [0x0000000080000000,0x00000000b5ed3210,0x00000000b5f00000)
 Metaspace       used 84120K, committed 85824K, reserved 1179648K
  class space    used 9950K, committed 10688K, reserved 1048576K
}
Event: 207.878 GC heap before
{Heap before GC invocations=1243 (full 3):
 PSYoungGen      total 16896K, used 15106K [0x00000000d5580000, 0x00000000d6980000, 0x0000000100000000)
  eden space 13312K, 100% used [0x00000000d5580000,0x00000000d6280000,0x00000000d6280000)
  from space 3584K, 50% used [0x00000000d6280000,0x00000000d6440a38,0x00000000d6600000)
  to   space 2560K, 0% used [0x00000000d6700000,0x00000000d6700000,0x00000000d6980000)
 ParOldGen       total 883712K, used 883532K [0x0000000080000000, 0x00000000b5f00000, 0x00000000d5580000)
  object space 883712K, 99% used [0x0000000080000000,0x00000000b5ed3210,0x00000000b5f00000)
 Metaspace       used 84129K, committed 85824K, reserved 1179648K
  class space    used 9950K, committed 10688K, reserved 1048576K
}
Event: 209.906 GC heap after
{Heap after GC invocations=1243 (full 3):
 PSYoungGen      total 15872K, used 2535K [0x00000000d5580000, 0x00000000d6980000, 0x0000000100000000)
  eden space 13312K, 0% used [0x00000000d5580000,0x00000000d5580000,0x00000000d6280000)
  from space 2560K, 99% used [0x00000000d6700000,0x00000000d6979f48,0x00000000d6980000)
  to   space 3584K, 0% used [0x00000000d6280000,0x00000000d6280000,0x00000000d6600000)
 ParOldGen       total 885760K, used 885472K [0x0000000080000000, 0x00000000b6100000, 0x00000000d5580000)
  object space 885760K, 99% used [0x0000000080000000,0x00000000b60b81a8,0x00000000b6100000)
 Metaspace       used 84129K, committed 85824K, reserved 1179648K
  class space    used 9950K, committed 10688K, reserved 1048576K
}
Event: 210.011 GC heap before
{Heap before GC invocations=1244 (full 3):
 PSYoungGen      total 15872K, used 15847K [0x00000000d5580000, 0x00000000d6980000, 0x0000000100000000)
  eden space 13312K, 100% used [0x00000000d5580000,0x00000000d6280000,0x00000000d6280000)
  from space 2560K, 99% used [0x00000000d6700000,0x00000000d6979f48,0x00000000d6980000)
  to   space 3584K, 0% used [0x00000000d6280000,0x00000000d6280000,0x00000000d6600000)
 ParOldGen       total 885760K, used 885472K [0x0000000080000000, 0x00000000b6100000, 0x00000000d5580000)
  object space 885760K, 99% used [0x0000000080000000,0x00000000b60b81a8,0x00000000b6100000)
 Metaspace       used 84141K, committed 85824K, reserved 1179648K
  class space    used 9950K, committed 10688K, reserved 1048576K
}
Event: 210.019 GC heap after
{Heap after GC invocations=1244 (full 3):
 PSYoungGen      total 14336K, used 580K [0x00000000d5580000, 0x00000000d6780000, 0x0000000100000000)
  eden space 13312K, 0% used [0x00000000d5580000,0x00000000d5580000,0x00000000d6280000)
  from space 1024K, 56% used [0x00000000d6280000,0x00000000d6311210,0x00000000d6380000)
  to   space 2048K, 0% used [0x00000000d6580000,0x00000000d6580000,0x00000000d6780000)
 ParOldGen       total 886784K, used 886306K [0x0000000080000000, 0x00000000b6200000, 0x00000000d5580000)
  object space 886784K, 99% used [0x0000000080000000,0x00000000b61889c0,0x00000000b6200000)
 Metaspace       used 84141K, committed 85824K, reserved 1179648K
  class space    used 9950K, committed 10688K, reserved 1048576K
}
Event: 210.087 GC heap before
{Heap before GC invocations=1245 (full 3):
 PSYoungGen      total 14336K, used 13349K [0x00000000d5580000, 0x00000000d6780000, 0x0000000100000000)
  eden space 13312K, 95% used [0x00000000d5580000,0x00000000d61f83b0,0x00000000d6280000)
  from space 1024K, 56% used [0x00000000d6280000,0x00000000d6311210,0x00000000d6380000)
  to   space 2048K, 0% used [0x00000000d6580000,0x00000000d6580000,0x00000000d6780000)
 ParOldGen       total 886784K, used 886306K [0x0000000080000000, 0x00000000b6200000, 0x00000000d5580000)
  object space 886784K, 99% used [0x0000000080000000,0x00000000b61889c0,0x00000000b6200000)
 Metaspace       used 84158K, committed 85824K, reserved 1179648K
  class space    used 9950K, committed 10688K, reserved 1048576K
}
Event: 210.092 GC heap after
{Heap after GC invocations=1245 (full 3):
 PSYoungGen      total 14848K, used 1440K [0x00000000d5580000, 0x00000000d6700000, 0x0000000100000000)
  eden space 13312K, 0% used [0x00000000d5580000,0x00000000d5580000,0x00000000d6280000)
  from space 1536K, 93% used [0x00000000d6580000,0x00000000d66e8000,0x00000000d6700000)
  to   space 2048K, 0% used [0x00000000d6300000,0x00000000d6300000,0x00000000d6500000)
 ParOldGen       total 886784K, used 886667K [0x0000000080000000, 0x00000000b6200000, 0x00000000d5580000)
  object space 886784K, 99% used [0x0000000080000000,0x00000000b61e2f78,0x00000000b6200000)
 Metaspace       used 84158K, committed 85824K, reserved 1179648K
  class space    used 9950K, committed 10688K, reserved 1048576K
}
Event: 210.168 GC heap before
{Heap before GC invocations=1246 (full 3):
 PSYoungGen      total 14848K, used 14741K [0x00000000d5580000, 0x00000000d6700000, 0x0000000100000000)
  eden space 13312K, 99% used [0x00000000d5580000,0x00000000d627d590,0x00000000d6280000)
  from space 1536K, 93% used [0x00000000d6580000,0x00000000d66e8000,0x00000000d6700000)
  to   space 2048K, 0% used [0x00000000d6300000,0x00000000d6300000,0x00000000d6500000)
 ParOldGen       total 886784K, used 886667K [0x0000000080000000, 0x00000000b6200000, 0x00000000d5580000)
  object space 886784K, 99% used [0x0000000080000000,0x00000000b61e2f78,0x00000000b6200000)
 Metaspace       used 84186K, committed 85888K, reserved 1179648K
  class space    used 9950K, committed 10688K, reserved 1048576K
}

